<?xml version="1.0" encoding="UTF-8"?>
<!-- Generated by org.testng.reporters.JUnitReportReporter -->
<testsuite hostname="DESKTOP-F7DFM9G" failures="0" tests="2" name="testCases.TC001_LoginLogout" time="13.850" errors="0" timestamp="2021-11-27T10:11:19 EST" skipped="0">
  <testcase classname="testCases.TC001_LoginLogout" name="loginLogOut" time="8.663"/>
  <system-out/>
  <testcase classname="testCases.TC001_LoginLogout" name="loginLogOut" time="5.187"/>
  <system-out/>
</testsuite> <!-- testCases.TC001_LoginLogout -->
